Running: /opt/Xilinx/14.7/ISE_DS/ISE/bin/lin64/unwrapped/fuse -intstyle ise -incremental -o /home/satyarth/Documents/VHDL/FP-V-GA-Text-master/vgaText/tb_vgaText3_isim_beh.exe -prj /home/satyarth/Documents/VHDL/FP-V-GA-Text-master/vgaText/tb_vgaText3_beh.prj work.tb_vgaText3 
ISim P.20131013 (signature 0xfbc00daa)
Number of CPUs detected in this system: 8
Turning on mult-threading, number of parallel sub-compilation jobs: 16 
Determining compilation order of HDL files
Parsing VHDL file "/home/satyarth/Documents/VHDL/FP-V-GA-Text-master/vgaText/commonPak.vhd" into library work
Parsing VHDL file "/home/satyarth/Documents/VHDL/FP-V-GA-Text-master/vgaText/fontROM.vhd" into library work
Parsing VHDL file "/home/satyarth/Documents/VHDL/FP-V-GA-Text-master/vgaText/basicBlockRAM.vhd" into library work
Parsing VHDL file "/home/satyarth/Documents/VHDL/FP-V-GA-Text-master/vgaText/text_line.vhd" into library work
Parsing VHDL file "/home/satyarth/Documents/VHDL/FP-V-GA-Text-master/vgaText/BlockRamArbiter.vhd" into library work
Parsing VHDL file "/home/satyarth/Documents/VHDL/FP-V-GA-Text-master/vgaText/vgaText_top.vhd" into library work
Parsing VHDL file "/home/satyarth/Documents/VHDL/FP-V-GA-Text-master/vgaText/tb_vgaText3.vhd" into library work
Starting static elaboration
Completed static elaboration
Fuse Memory Usage: 99848 KB
Fuse CPU Usage: 1000 ms
Compiling package standard
Compiling package std_logic_1164
Compiling package textio
Compiling package std_logic_textio
Compiling package numeric_std
Compiling package math_real
Compiling package commonpak
Compiling architecture behavioral of entity fontROM [fontrom_default]
Compiling architecture behavioral of entity blockRamArbiter [\blockRamArbiter(3)\]
Compiling architecture behavioral of entity basicBlockRAM [\basicBlockRAM(608,8)\]
Compiling architecture behavioral of entity text_line [\text_line(38,8,16)\]
Compiling architecture behavioral of entity basicBlockRAM [\basicBlockRAM(1136,8)\]
Compiling architecture behavioral of entity text_line [\text_line(71,8,16)\]
Compiling architecture behavioral of entity basicBlockRAM [\basicBlockRAM(160,8)\]
Compiling architecture behavioral of entity text_line [\text_line(10,8,16)\]
Compiling architecture behavioral of entity vgaText_top [vgatext_top_default]
Compiling architecture behavior of entity tb_vgatext3
Time Resolution for simulation is 1ps.
Compiled 26 VHDL Units
Built simulation executable /home/satyarth/Documents/VHDL/FP-V-GA-Text-master/vgaText/tb_vgaText3_isim_beh.exe
Fuse Memory Usage: 1203972 KB
Fuse CPU Usage: 1180 ms
GCC CPU Usage: 1400 ms
